<?xml version="1.0" encoding="UTF-8"?>
<!-- Generated by org.testng.reporters.JUnitXMLReporter -->
<testsuite ignored="0" hostname="DESKTOP-C1SN9BR" failures="0" tests="4" name="Default test" time="21.71" errors="0" timestamp="2024-09-27T13:20:59 IST">
  <testcase classname="com.orangehrm.login_Page" name="launchBroser" time="11.668"/>
  <testcase classname="com.orangehrm.login_Page" name="login" time="3.699"/>
  <testcase classname="com.orangehrm.login_Page" name="navigateToMyinfo" time="4.386"/>
  <testcase classname="com.orangehrm.login_Page" name="logout" time="1.794"/>
</testsuite> <!-- Default test -->
