<?xml version="1.0" encoding="UTF-8"?>
<!-- Generated by org.testng.reporters.JUnitXMLReporter -->
<testsuite ignored="2" hostname="DESKTOP-C1SN9BR" failures="0" tests="2" name="Test2" time="6.927" errors="0" timestamp="2024-09-27T13:27:35 IST">
  <testcase classname="com.orangehrm.login_Page" name="login" time="2.988"/>
  <testcase classname="com.orangehrm.login_Page" name="navigateToMyinfo" time="3.91"/>
  <testcase classname="com.orangehrm.login_Page" name="launchBroser" time="0.0">
    <ignored/>
  </testcase> <!-- launchBroser -->
  <testcase classname="com.orangehrm.login_Page" name="logout" time="0.0">
    <ignored/>
  </testcase> <!-- logout -->
</testsuite> <!-- Test2 -->
