<?xml version="1.0" encoding="UTF-8"?>
<!-- Generated by org.testng.reporters.JUnitXMLReporter -->
<testsuite ignored="2" hostname="DESKTOP-C1SN9BR" failures="0" tests="4" name="Test" time="30.766" errors="0" timestamp="2024-09-27T13:29:51 IST">
  <testcase classname="com.myfdbhub.FirstTest" name="launchGoogle" time="13.97"/>
  <testcase classname="com.orangehrm.login_Page" name="launchBroser" time="9.664"/>
  <testcase classname="com.orangehrm.login_Page" name="login" time="3.066"/>
  <testcase classname="com.orangehrm.login_Page" name="navigateToMyinfo" time="3.842"/>
  <testcase classname="com.myfdbhub.FirstTest" name="launchTicketnew" time="0.0">
    <ignored/>
  </testcase> <!-- launchTicketnew -->
  <testcase classname="com.orangehrm.login_Page" name="logout" time="0.0">
    <ignored/>
  </testcase> <!-- logout -->
</testsuite> <!-- Test -->
