<?xml version="1.0" encoding="UTF-8"?>
<!-- Generated by org.testng.reporters.JUnitXMLReporter -->
<testsuite ignored="3" hostname="DESKTOP-C1SN9BR" failures="0" tests="1" name="Test1" time="7.441" errors="0" timestamp="2024-09-27T13:27:28 IST">
  <testcase classname="com.orangehrm.login_Page" name="launchBroser" time="7.427"/>
  <testcase classname="com.orangehrm.login_Page" name="logout" time="0.0">
    <ignored/>
  </testcase> <!-- logout -->
  <testcase classname="com.orangehrm.login_Page" name="login" time="0.0">
    <ignored/>
  </testcase> <!-- login -->
  <testcase classname="com.orangehrm.login_Page" name="navigateToMyinfo" time="0.0">
    <ignored/>
  </testcase> <!-- navigateToMyinfo -->
</testsuite> <!-- Test1 -->
